<?xml version="1.0" encoding="utf-8"?><testsuites><testsuite name="pytest" errors="0" failures="0" skipped="5" tests="12" time="1.722" timestamp="2022-11-08T10:12:06.536608" hostname="OLI-OMEN"><testcase classname="bumpversion" name="FLAKE8" time="0.051" /><testcase classname="src.pyconverters_newsml.__init__" name="FLAKE8" time="0.026" /><testcase classname="src.pyconverters_newsml.newsml" name="FLAKE8" time="0.087" /><testcase classname="tests.test_newsml" name="FLAKE8" time="0.164" /><testcase classname="tests.test_newsml" name="test_newsml_text" time="0.762" /><testcase classname="tests.test_newsml" name="test_newsml_pics" time="0.007" /><testcase classname="tests.test_newsml" name="test_newsml_agenda" time="0.010" /><testcase classname="tests.test_newsml" name="test_consolidate_cats" time="0.000"><skipped type="pytest.skip" message="Not a test">/home/olivier/dev/kairntech/pyconverters_newsml/tests/test_newsml.py:234: Not a test</skipped></testcase><testcase classname="tests.test_newsml" name="test_downsampling_cats" time="0.000"><skipped type="pytest.skip" message="Not a test">/home/olivier/dev/kairntech/pyconverters_newsml/tests/test_newsml.py:273: Not a test</skipped></testcase><testcase classname="tests.test_newsml" name="test_downsampling_kw" time="0.000"><skipped type="pytest.skip" message="Not a test">/home/olivier/dev/kairntech/pyconverters_newsml/tests/test_newsml.py:293: Not a test</skipped></testcase><testcase classname="tests.test_newsml" name="test_downsampling_pandemic" time="0.000"><skipped type="pytest.skip" message="Not a test">/home/olivier/dev/kairntech/pyconverters_newsml/tests/test_newsml.py:371: Not a test</skipped></testcase><testcase classname="tests.test_newsml" name="test_compute_fingerprint" time="0.000"><skipped type="pytest.skip" message="Not a test">/home/olivier/dev/kairntech/pyconverters_newsml/tests/test_newsml.py:444: Not a test</skipped></testcase></testsuite></testsuites>