<?xml version="1.0" encoding="utf-8"?><testsuites><testsuite name="pytest" errors="0" failures="0" skipped="1" tests="7" time="9.521" timestamp="2022-10-26T18:38:03.196605" hostname="OLI-OMEN"><testcase classname="bumpversion" name="FLAKE8" time="0.060" /><testcase classname="src.pyconverters_pubmedfetcher.__init__" name="FLAKE8" time="0.048" /><testcase classname="src.pyconverters_pubmedfetcher.pubmedfetcher" name="FLAKE8" time="0.091" /><testcase classname="tests.test_pubmedfetcher" name="FLAKE8" time="0.048" /><testcase classname="tests.test_pubmedfetcher" name="test_pubmedfetcher_ids" time="8.559" /><testcase classname="tests.test_pubmedfetcher" name="test_pubmedfetcher_allids" time="0.001"><skipped type="pytest.skip" message="Not a test">/home/olivier/dev/kairntech/pyconverters_pubmedfetcher/tests/test_pubmedfetcher.py:37: Not a test</skipped></testcase><testcase classname="tests.test_pubmedfetcher" name="test_pubmedfetcher_xml" time="0.106" /></testsuite></testsuites>